  FlickZip.cpp
  main.cpp
C:\Program Files (x86)\Windows Kits\10\Include\10.0.22621.0\um\shlobj_core.h(814,1): warning C4005: 'CSIDL_MYMUSIC': macro redefinition
C:\Users\ronit\Desktop\Zinc\AVEngine\main.cpp(6,1): message : see previous definition of 'CSIDL_MYMUSIC'
C:\Program Files (x86)\Windows Kits\10\Include\10.0.22621.0\um\shlobj_core.h(815,1): warning C4005: 'CSIDL_MYVIDEO': macro redefinition
C:\Users\ronit\Desktop\Zinc\AVEngine\main.cpp(7,1): message : see previous definition of 'CSIDL_MYVIDEO'
C:\Users\ronit\Desktop\Zinc\packages\libyara_vs2015.3.5.1\lib\native\include\yara\modules.h(49,1): warning C4005: '_CONCAT': macro redefinition
C:\Program Files\Microsoft Visual Studio\2022\Enterprise\VC\Tools\MSVC\14.37.32822\include\xatomic.h(24,1): message : see previous definition of '_CONCAT'
  Quarantine.cpp
  Utilities.cpp
C:\Users\ronit\Desktop\Zinc\AVEngine\Utilities.cpp(32,44): warning C4267: 'argument': conversion from 'size_t' to 'int', possible loss of data
  Whitelist.cpp
libboost_filesystem-vc143-mt-gd-x64-1_83.lib(directory.obj) : error LNK2038: mismatch detected for '_ITERATOR_DEBUG_LEVEL': value '2' doesn't match value '0' in FlickZip.obj
libboost_filesystem-vc143-mt-gd-x64-1_83.lib(directory.obj) : error LNK2038: mismatch detected for 'RuntimeLibrary': value 'MDd_DynamicDebug' doesn't match value 'MD_DynamicRelease' in FlickZip.obj
libboost_filesystem-vc143-mt-gd-x64-1_83.lib(operations.obj) : error LNK2038: mismatch detected for '_ITERATOR_DEBUG_LEVEL': value '2' doesn't match value '0' in FlickZip.obj
libboost_filesystem-vc143-mt-gd-x64-1_83.lib(operations.obj) : error LNK2038: mismatch detected for 'RuntimeLibrary': value 'MDd_DynamicDebug' doesn't match value 'MD_DynamicRelease' in FlickZip.obj
libboost_filesystem-vc143-mt-gd-x64-1_83.lib(path_traits.obj) : error LNK2038: mismatch detected for '_ITERATOR_DEBUG_LEVEL': value '2' doesn't match value '0' in FlickZip.obj
libboost_filesystem-vc143-mt-gd-x64-1_83.lib(path_traits.obj) : error LNK2038: mismatch detected for 'RuntimeLibrary': value 'MDd_DynamicDebug' doesn't match value 'MD_DynamicRelease' in FlickZip.obj
libboost_filesystem-vc143-mt-gd-x64-1_83.lib(path.obj) : error LNK2038: mismatch detected for '_ITERATOR_DEBUG_LEVEL': value '2' doesn't match value '0' in FlickZip.obj
libboost_filesystem-vc143-mt-gd-x64-1_83.lib(path.obj) : error LNK2038: mismatch detected for 'RuntimeLibrary': value 'MDd_DynamicDebug' doesn't match value 'MD_DynamicRelease' in FlickZip.obj
libboost_filesystem-vc143-mt-gd-x64-1_83.lib(exception.obj) : error LNK2038: mismatch detected for '_ITERATOR_DEBUG_LEVEL': value '2' doesn't match value '0' in FlickZip.obj
libboost_filesystem-vc143-mt-gd-x64-1_83.lib(exception.obj) : error LNK2038: mismatch detected for 'RuntimeLibrary': value 'MDd_DynamicDebug' doesn't match value 'MD_DynamicRelease' in FlickZip.obj
libboost_filesystem-vc143-mt-gd-x64-1_83.lib(codecvt_error_category.obj) : error LNK2038: mismatch detected for '_ITERATOR_DEBUG_LEVEL': value '2' doesn't match value '0' in FlickZip.obj
libboost_filesystem-vc143-mt-gd-x64-1_83.lib(codecvt_error_category.obj) : error LNK2038: mismatch detected for 'RuntimeLibrary': value 'MDd_DynamicDebug' doesn't match value 'MD_DynamicRelease' in FlickZip.obj
libboost_filesystem-vc143-mt-gd-x64-1_83.lib(windows_file_codecvt.obj) : error LNK2038: mismatch detected for '_ITERATOR_DEBUG_LEVEL': value '2' doesn't match value '0' in FlickZip.obj
libboost_filesystem-vc143-mt-gd-x64-1_83.lib(windows_file_codecvt.obj) : error LNK2038: mismatch detected for 'RuntimeLibrary': value 'MDd_DynamicDebug' doesn't match value 'MD_DynamicRelease' in FlickZip.obj
LINK : fatal error LNK1104: cannot open file 'libboost_filesystem-vc143-mt-x64-1_83.lib'
